0 info it worked if it ends with ok
1 verbose cli [ '/usr/local/bin/node',
1 verbose cli   '/usr/local/bin/npm',
1 verbose cli   'install',
1 verbose cli   '--save',
1 verbose cli   'time' ]
2 info using npm@3.10.10
3 info using node@v6.9.4
4 silly loadCurrentTree Starting
5 silly install loadCurrentTree
6 silly install readLocalPackageData
7 silly fetchPackageMetaData time
8 silly fetchNamedPackageData time
9 silly mapToRegistry name time
10 silly mapToRegistry using default registry
11 silly mapToRegistry registry https://registry.npmjs.org/
12 silly mapToRegistry data Result {
12 silly mapToRegistry   raw: 'time',
12 silly mapToRegistry   scope: null,
12 silly mapToRegistry   escapedName: 'time',
12 silly mapToRegistry   name: 'time',
12 silly mapToRegistry   rawSpec: '',
12 silly mapToRegistry   spec: 'latest',
12 silly mapToRegistry   type: 'tag' }
13 silly mapToRegistry uri https://registry.npmjs.org/time
14 verbose request uri https://registry.npmjs.org/time
15 verbose request no auth needed
16 info attempt registry request try #1 at 3:49:26 PM
17 verbose request id 4de668f54a34e79c
18 verbose etag W/"55e09970-a534"
19 verbose lastModified Fri, 28 Aug 2015 17:25:04 GMT
20 http request GET https://registry.npmjs.org/time
21 http 304 https://registry.npmjs.org/time
22 verbose headers { date: 'Fri, 17 Feb 2017 23:49:26 GMT',
22 verbose headers   via: '1.1 varnish',
22 verbose headers   'cache-control': 'max-age=300',
22 verbose headers   etag: 'W/"55e09970-a534"',
22 verbose headers   age: '0',
22 verbose headers   connection: 'keep-alive',
22 verbose headers   'x-served-by': 'cache-sjc3634-SJC',
22 verbose headers   'x-cache': 'HIT',
22 verbose headers   'x-cache-hits': '1',
22 verbose headers   'x-timer': 'S1487375366.830964,VS0,VE119',
22 verbose headers   vary: 'Accept-Encoding' }
23 silly get cb [ 304,
23 silly get   { date: 'Fri, 17 Feb 2017 23:49:26 GMT',
23 silly get     via: '1.1 varnish',
23 silly get     'cache-control': 'max-age=300',
23 silly get     etag: 'W/"55e09970-a534"',
23 silly get     age: '0',
23 silly get     connection: 'keep-alive',
23 silly get     'x-served-by': 'cache-sjc3634-SJC',
23 silly get     'x-cache': 'HIT',
23 silly get     'x-cache-hits': '1',
23 silly get     'x-timer': 'S1487375366.830964,VS0,VE119',
23 silly get     vary: 'Accept-Encoding' } ]
24 verbose etag https://registry.npmjs.org/time from cache
25 verbose get saving time to /Users/andrewmin8/.npm/registry.npmjs.org/time/.cache.json
26 verbose correctMkdir /Users/andrewmin8/.npm correctMkdir not in flight; initializing
27 silly install normalizeTree
28 silly loadCurrentTree Finishing
29 silly loadIdealTree Starting
30 silly install loadIdealTree
31 silly cloneCurrentTree Starting
32 silly install cloneCurrentTreeToIdealTree
33 silly cloneCurrentTree Finishing
34 silly loadShrinkwrap Starting
35 silly install loadShrinkwrap
36 silly loadShrinkwrap Finishing
37 silly loadAllDepsIntoIdealTree Starting
38 silly install loadAllDepsIntoIdealTree
39 silly resolveWithNewModule time@0.11.4 checking installable status
40 silly cache add args [ 'time', null ]
41 verbose cache add spec time
42 silly cache add parsed spec Result {
42 silly cache add   raw: 'time',
42 silly cache add   scope: null,
42 silly cache add   escapedName: 'time',
42 silly cache add   name: 'time',
42 silly cache add   rawSpec: '',
42 silly cache add   spec: 'latest',
42 silly cache add   type: 'tag' }
43 silly addNamed time@latest
44 verbose addNamed "latest" is being treated as a dist-tag for time
45 info addNameTag [ 'time', 'latest' ]
46 silly mapToRegistry name time
47 silly mapToRegistry using default registry
48 silly mapToRegistry registry https://registry.npmjs.org/
49 silly mapToRegistry data Result {
49 silly mapToRegistry   raw: 'time',
49 silly mapToRegistry   scope: null,
49 silly mapToRegistry   escapedName: 'time',
49 silly mapToRegistry   name: 'time',
49 silly mapToRegistry   rawSpec: '',
49 silly mapToRegistry   spec: 'latest',
49 silly mapToRegistry   type: 'tag' }
50 silly mapToRegistry uri https://registry.npmjs.org/time
51 verbose addNameTag registry:https://registry.npmjs.org/time not in flight; fetching
52 verbose get https://registry.npmjs.org/time not expired, no request
53 silly addNameTag next cb for time with tag latest
54 silly addNamed time@0.11.4
55 verbose addNamed "0.11.4" is a plain semver version for time
56 silly cache afterAdd time@0.11.4
57 verbose afterAdd /Users/andrewmin8/.npm/time/0.11.4/package/package.json not in flight; writing
58 verbose correctMkdir /Users/andrewmin8/.npm correctMkdir not in flight; initializing
59 verbose afterAdd /Users/andrewmin8/.npm/time/0.11.4/package/package.json written
60 silly fetchNamedPackageData bindings
61 silly mapToRegistry name bindings
62 silly mapToRegistry using default registry
63 silly mapToRegistry registry https://registry.npmjs.org/
64 silly mapToRegistry data Result {
64 silly mapToRegistry   raw: 'bindings',
64 silly mapToRegistry   scope: null,
64 silly mapToRegistry   escapedName: 'bindings',
64 silly mapToRegistry   name: 'bindings',
64 silly mapToRegistry   rawSpec: '',
64 silly mapToRegistry   spec: 'latest',
64 silly mapToRegistry   type: 'tag' }
65 silly mapToRegistry uri https://registry.npmjs.org/bindings
66 silly fetchNamedPackageData nan
67 silly mapToRegistry name nan
68 silly mapToRegistry using default registry
69 silly mapToRegistry registry https://registry.npmjs.org/
70 silly mapToRegistry data Result {
70 silly mapToRegistry   raw: 'nan',
70 silly mapToRegistry   scope: null,
70 silly mapToRegistry   escapedName: 'nan',
70 silly mapToRegistry   name: 'nan',
70 silly mapToRegistry   rawSpec: '',
70 silly mapToRegistry   spec: 'latest',
70 silly mapToRegistry   type: 'tag' }
71 silly mapToRegistry uri https://registry.npmjs.org/nan
72 verbose request uri https://registry.npmjs.org/bindings
73 verbose request no auth needed
74 info attempt registry request try #1 at 3:49:27 PM
75 verbose etag W/"580645d3-46f7"
76 verbose lastModified Tue, 18 Oct 2016 15:54:59 GMT
77 http request GET https://registry.npmjs.org/bindings
78 verbose request uri https://registry.npmjs.org/nan
79 verbose request no auth needed
80 info attempt registry request try #1 at 3:49:27 PM
81 verbose etag W/"58a44b6b-1df62"
82 verbose lastModified Wed, 15 Feb 2017 12:36:59 GMT
83 http request GET https://registry.npmjs.org/nan
84 http 304 https://registry.npmjs.org/bindings
85 verbose headers { date: 'Fri, 17 Feb 2017 23:49:27 GMT',
85 verbose headers   via: '1.1 varnish',
85 verbose headers   'cache-control': 'max-age=300',
85 verbose headers   etag: 'W/"580645d3-46f7"',
85 verbose headers   age: '89',
85 verbose headers   connection: 'keep-alive',
85 verbose headers   'x-served-by': 'cache-sjc3634-SJC',
85 verbose headers   'x-cache': 'HIT',
85 verbose headers   'x-cache-hits': '1',
85 verbose headers   'x-timer': 'S1487375367.146653,VS0,VE0',
85 verbose headers   vary: 'Accept-Encoding' }
86 silly get cb [ 304,
86 silly get   { date: 'Fri, 17 Feb 2017 23:49:27 GMT',
86 silly get     via: '1.1 varnish',
86 silly get     'cache-control': 'max-age=300',
86 silly get     etag: 'W/"580645d3-46f7"',
86 silly get     age: '89',
86 silly get     connection: 'keep-alive',
86 silly get     'x-served-by': 'cache-sjc3634-SJC',
86 silly get     'x-cache': 'HIT',
86 silly get     'x-cache-hits': '1',
86 silly get     'x-timer': 'S1487375367.146653,VS0,VE0',
86 silly get     vary: 'Accept-Encoding' } ]
87 verbose etag https://registry.npmjs.org/bindings from cache
88 verbose get saving bindings to /Users/andrewmin8/.npm/registry.npmjs.org/bindings/.cache.json
89 verbose correctMkdir /Users/andrewmin8/.npm correctMkdir not in flight; initializing
90 silly resolveWithNewModule bindings@1.2.1 checking installable status
91 silly cache add args [ 'bindings@~1.2.0', null ]
92 verbose cache add spec bindings@~1.2.0
93 silly cache add parsed spec Result {
93 silly cache add   raw: 'bindings@~1.2.0',
93 silly cache add   scope: null,
93 silly cache add   escapedName: 'bindings',
93 silly cache add   name: 'bindings',
93 silly cache add   rawSpec: '~1.2.0',
93 silly cache add   spec: '>=1.2.0 <1.3.0',
93 silly cache add   type: 'range' }
94 silly addNamed bindings@>=1.2.0 <1.3.0
95 verbose addNamed ">=1.2.0 <1.3.0" is a valid semver range for bindings
96 silly addNameRange { name: 'bindings', range: '>=1.2.0 <1.3.0', hasData: false }
97 silly mapToRegistry name bindings
98 silly mapToRegistry using default registry
99 silly mapToRegistry registry https://registry.npmjs.org/
100 silly mapToRegistry data Result {
100 silly mapToRegistry   raw: 'bindings',
100 silly mapToRegistry   scope: null,
100 silly mapToRegistry   escapedName: 'bindings',
100 silly mapToRegistry   name: 'bindings',
100 silly mapToRegistry   rawSpec: '',
100 silly mapToRegistry   spec: 'latest',
100 silly mapToRegistry   type: 'tag' }
101 silly mapToRegistry uri https://registry.npmjs.org/bindings
102 verbose addNameRange registry:https://registry.npmjs.org/bindings not in flight; fetching
103 verbose get https://registry.npmjs.org/bindings not expired, no request
104 silly addNameRange number 2 { name: 'bindings', range: '>=1.2.0 <1.3.0', hasData: true }
105 silly addNameRange versions [ 'bindings',
105 silly addNameRange   [ '0.0.1',
105 silly addNameRange     '0.1.0',
105 silly addNameRange     '0.1.1',
105 silly addNameRange     '0.2.0',
105 silly addNameRange     '0.2.1',
105 silly addNameRange     '0.2.2',
105 silly addNameRange     '0.2.3',
105 silly addNameRange     '0.2.4',
105 silly addNameRange     '0.3.0',
105 silly addNameRange     '0.4.0',
105 silly addNameRange     '1.0.0',
105 silly addNameRange     '1.1.0',
105 silly addNameRange     '1.1.1',
105 silly addNameRange     '1.2.0',
105 silly addNameRange     '1.2.1' ] ]
106 silly addNamed bindings@1.2.1
107 verbose addNamed "1.2.1" is a plain semver version for bindings
108 silly cache afterAdd bindings@1.2.1
109 verbose afterAdd /Users/andrewmin8/.npm/bindings/1.2.1/package/package.json not in flight; writing
110 verbose correctMkdir /Users/andrewmin8/.npm correctMkdir not in flight; initializing
111 verbose afterAdd /Users/andrewmin8/.npm/bindings/1.2.1/package/package.json written
112 http 304 https://registry.npmjs.org/nan
113 verbose headers { date: 'Fri, 17 Feb 2017 23:49:27 GMT',
113 verbose headers   via: '1.1 varnish',
113 verbose headers   'cache-control': 'max-age=300',
113 verbose headers   etag: 'W/"58a44b6b-1df62"',
113 verbose headers   age: '251',
113 verbose headers   connection: 'keep-alive',
113 verbose headers   'x-served-by': 'cache-sjc3122-SJC',
113 verbose headers   'x-cache': 'HIT',
113 verbose headers   'x-cache-hits': '5',
113 verbose headers   'x-timer': 'S1487375367.176842,VS0,VE0',
113 verbose headers   vary: 'Accept-Encoding' }
114 silly get cb [ 304,
114 silly get   { date: 'Fri, 17 Feb 2017 23:49:27 GMT',
114 silly get     via: '1.1 varnish',
114 silly get     'cache-control': 'max-age=300',
114 silly get     etag: 'W/"58a44b6b-1df62"',
114 silly get     age: '251',
114 silly get     connection: 'keep-alive',
114 silly get     'x-served-by': 'cache-sjc3122-SJC',
114 silly get     'x-cache': 'HIT',
114 silly get     'x-cache-hits': '5',
114 silly get     'x-timer': 'S1487375367.176842,VS0,VE0',
114 silly get     vary: 'Accept-Encoding' } ]
115 verbose etag https://registry.npmjs.org/nan from cache
116 verbose get saving nan to /Users/andrewmin8/.npm/registry.npmjs.org/nan/.cache.json
117 verbose correctMkdir /Users/andrewmin8/.npm correctMkdir not in flight; initializing
118 silly resolveWithNewModule nan@2.5.1 checking installable status
119 silly cache add args [ 'nan@2', null ]
120 verbose cache add spec nan@2
121 silly cache add parsed spec Result {
121 silly cache add   raw: 'nan@2',
121 silly cache add   scope: null,
121 silly cache add   escapedName: 'nan',
121 silly cache add   name: 'nan',
121 silly cache add   rawSpec: '2',
121 silly cache add   spec: '>=2.0.0 <3.0.0',
121 silly cache add   type: 'range' }
122 silly addNamed nan@>=2.0.0 <3.0.0
123 verbose addNamed ">=2.0.0 <3.0.0" is a valid semver range for nan
124 silly addNameRange { name: 'nan', range: '>=2.0.0 <3.0.0', hasData: false }
125 silly mapToRegistry name nan
126 silly mapToRegistry using default registry
127 silly mapToRegistry registry https://registry.npmjs.org/
128 silly mapToRegistry data Result {
128 silly mapToRegistry   raw: 'nan',
128 silly mapToRegistry   scope: null,
128 silly mapToRegistry   escapedName: 'nan',
128 silly mapToRegistry   name: 'nan',
128 silly mapToRegistry   rawSpec: '',
128 silly mapToRegistry   spec: 'latest',
128 silly mapToRegistry   type: 'tag' }
129 silly mapToRegistry uri https://registry.npmjs.org/nan
130 verbose addNameRange registry:https://registry.npmjs.org/nan not in flight; fetching
131 verbose get https://registry.npmjs.org/nan not expired, no request
132 silly addNameRange number 2 { name: 'nan', range: '>=2.0.0 <3.0.0', hasData: true }
133 silly addNameRange versions [ 'nan',
133 silly addNameRange   [ '0.3.0-wip',
133 silly addNameRange     '0.3.0-wip2',
133 silly addNameRange     '0.3.0',
133 silly addNameRange     '0.3.1',
133 silly addNameRange     '0.3.2',
133 silly addNameRange     '0.4.0',
133 silly addNameRange     '0.4.1',
133 silly addNameRange     '0.4.2',
133 silly addNameRange     '0.4.3',
133 silly addNameRange     '0.4.4',
133 silly addNameRange     '0.5.0',
133 silly addNameRange     '0.5.1',
133 silly addNameRange     '0.5.2',
133 silly addNameRange     '0.6.0',
133 silly addNameRange     '0.7.0',
133 silly addNameRange     '0.7.1',
133 silly addNameRange     '0.8.0',
133 silly addNameRange     '1.0.0',
133 silly addNameRange     '1.1.0',
133 silly addNameRange     '1.1.1',
133 silly addNameRange     '1.1.2',
133 silly addNameRange     '1.2.0',
133 silly addNameRange     '1.3.0',
133 silly addNameRange     '1.4.0',
133 silly addNameRange     '1.4.1',
133 silly addNameRange     '1.5.0',
133 silly addNameRange     '1.4.2',
133 silly addNameRange     '1.4.3',
133 silly addNameRange     '1.5.1',
133 silly addNameRange     '1.5.2',
133 silly addNameRange     '1.6.0',
133 silly addNameRange     '1.5.3',
133 silly addNameRange     '1.6.1',
133 silly addNameRange     '1.6.2',
133 silly addNameRange     '1.7.0',
133 silly addNameRange     '1.8.0',
133 silly addNameRange     '1.8.1',
133 silly addNameRange     '1.8.2',
133 silly addNameRange     '1.8.3',
133 silly addNameRange     '1.8.4',
133 silly addNameRange     '1.9.0',
133 silly addNameRange     '2.0.0',
133 silly addNameRange     '2.0.1',
133 silly addNameRange     '2.0.2',
133 silly addNameRange     '2.0.3',
133 silly addNameRange     '2.0.4',
133 silly addNameRange     '2.0.5',
133 silly addNameRange     '2.0.6',
133 silly addNameRange     '2.0.7',
133 silly addNameRange     '2.0.8',
133 silly addNameRange     '2.0.9',
133 silly addNameRange     '2.1.0',
133 silly addNameRange     '2.2.0',
133 silly addNameRange     '2.2.1',
133 silly addNameRange     '2.3.0',
133 silly addNameRange     '2.3.1',
133 silly addNameRange     '2.3.2',
133 silly addNameRange     '2.3.3',
133 silly addNameRange     '2.3.4',
133 silly addNameRange     '2.3.5',
133 silly addNameRange     '2.4.0',
133 silly addNameRange     '2.5.0',
133 silly addNameRange     '2.5.1' ] ]
134 silly addNamed nan@2.5.1
135 verbose addNamed "2.5.1" is a plain semver version for nan
136 silly cache afterAdd nan@2.5.1
137 verbose afterAdd /Users/andrewmin8/.npm/nan/2.5.1/package/package.json not in flight; writing
138 verbose correctMkdir /Users/andrewmin8/.npm correctMkdir not in flight; initializing
139 verbose afterAdd /Users/andrewmin8/.npm/nan/2.5.1/package/package.json written
140 silly loadAllDepsIntoIdealTree Finishing
141 silly loadIdealTree Finishing
142 silly currentTree messenger-get-started@1.0.0
142 silly currentTree ├── accepts@1.3.3
142 silly currentTree ├── ansi-regex@2.1.1
142 silly currentTree ├── ansi-styles@2.2.1
142 silly currentTree ├── array-flatten@1.1.1
142 silly currentTree ├── asn1@0.2.3
142 silly currentTree ├── assert-plus@0.2.0
142 silly currentTree ├─┬ async@2.1.4
142 silly currentTree │ └── lodash@4.17.4
142 silly currentTree ├── asynckit@0.4.0
142 silly currentTree ├── autocorrect@1.2.0
142 silly currentTree ├── aws-sign2@0.6.0
142 silly currentTree ├── aws4@1.6.0
142 silly currentTree ├── bcrypt-pbkdf@1.0.1
142 silly currentTree ├── bl@1.1.2
142 silly currentTree ├── bluebird@2.10.2
142 silly currentTree ├── body-parser@1.16.1
142 silly currentTree ├── boom@2.10.1
142 silly currentTree ├── bson@1.0.4
142 silly currentTree ├── buffer-shims@1.0.0
142 silly currentTree ├── bytes@2.4.0
142 silly currentTree ├── camel-case@3.0.0
142 silly currentTree ├── capitalize@1.0.0
142 silly currentTree ├── caseless@0.11.0
142 silly currentTree ├── chalk@1.1.3
142 silly currentTree ├── change-case@3.0.1
142 silly currentTree ├─┬ coinbase@2.0.6
142 silly currentTree │ ├── form-data@1.0.1
142 silly currentTree │ ├── http-errors@1.3.1
142 silly currentTree │ ├── node-uuid@1.4.7
142 silly currentTree │ └── request@2.74.0
142 silly currentTree ├── combined-stream@1.0.5
142 silly currentTree ├── commander@2.9.0
142 silly currentTree ├── config@1.25.1
142 silly currentTree ├── constant-case@2.0.0
142 silly currentTree ├── content-disposition@0.5.2
142 silly currentTree ├── content-type@1.0.2
142 silly currentTree ├── cookie-signature@1.0.6
142 silly currentTree ├── cookie@0.3.1
142 silly currentTree ├── core-util-is@1.0.2
142 silly currentTree ├── cryptiles@2.0.5
142 silly currentTree ├── ctype@0.5.3
142 silly currentTree ├─┬ dashdash@1.14.1
142 silly currentTree │ └── assert-plus@1.0.0
142 silly currentTree ├── dateformat@2.0.0
142 silly currentTree ├── debug@2.6.1
142 silly currentTree ├── delayed-stream@1.0.0
142 silly currentTree ├── depd@1.1.0
142 silly currentTree ├── destroy@1.0.4
142 silly currentTree ├── dot-case@2.1.0
142 silly currentTree ├── ecc-jsbn@0.1.1
142 silly currentTree ├── ee-first@1.1.1
142 silly currentTree ├── ejs@2.5.5
142 silly currentTree ├── encodeurl@1.0.1
142 silly currentTree ├── es6-promise@3.2.1
142 silly currentTree ├── escape-html@1.0.3
142 silly currentTree ├── escape-string-regexp@1.0.5
142 silly currentTree ├── etag@1.7.0
142 silly currentTree ├─┬ express@4.14.1
142 silly currentTree │ ├── debug@2.2.0
142 silly currentTree │ ├── ms@0.7.1
142 silly currentTree │ └── qs@6.2.0
142 silly currentTree ├── extend@3.0.0
142 silly currentTree ├── extsprintf@1.0.2
142 silly currentTree ├─┬ finalhandler@0.5.1
142 silly currentTree │ ├── debug@2.2.0
142 silly currentTree │ └── ms@0.7.1
142 silly currentTree ├── forever-agent@0.6.1
142 silly currentTree ├── form-data@2.1.2
142 silly currentTree ├── forwarded@0.1.0
142 silly currentTree ├── fresh@0.3.0
142 silly currentTree ├── generate-function@2.0.0
142 silly currentTree ├── generate-object-property@1.2.0
142 silly currentTree ├─┬ getpass@0.1.6
142 silly currentTree │ └── assert-plus@1.0.0
142 silly currentTree ├── google-speech@0.0.5
142 silly currentTree ├── graceful-readlink@1.0.1
142 silly currentTree ├── har-validator@2.0.6
142 silly currentTree ├── has-ansi@2.0.0
142 silly currentTree ├── hawk@3.1.3
142 silly currentTree ├── header-case@1.0.0
142 silly currentTree ├── hoek@2.16.3
142 silly currentTree ├── hooks-fixed@1.2.0
142 silly currentTree ├── http-errors@1.5.1
142 silly currentTree ├── http-signature@1.1.1
142 silly currentTree ├── iconv-lite@0.4.15
142 silly currentTree ├── inherits@2.0.3
142 silly currentTree ├── ipaddr.js@1.2.0
142 silly currentTree ├── is-lower-case@1.1.3
142 silly currentTree ├── is-my-json-valid@2.15.0
142 silly currentTree ├── is-property@1.0.2
142 silly currentTree ├── is-typedarray@1.0.0
142 silly currentTree ├── is-upper-case@1.1.2
142 silly currentTree ├── isarray@1.0.0
142 silly currentTree ├── isstream@0.1.2
142 silly currentTree ├── jodid25519@1.0.2
142 silly currentTree ├── jsbn@0.1.1
142 silly currentTree ├── json-schema@0.2.3
142 silly currentTree ├── json-stringify-safe@5.0.1
142 silly currentTree ├── json5@0.4.0
142 silly currentTree ├── jsonpointer@4.0.1
142 silly currentTree ├── jsprim@1.3.1
142 silly currentTree ├── kareem@1.2.1
142 silly currentTree ├── leven@2.0.0
142 silly currentTree ├── lodash@3.1.0
142 silly currentTree ├── lower-case-first@1.0.2
142 silly currentTree ├── lower-case@1.1.3
142 silly currentTree ├── media-typer@0.3.0
142 silly currentTree ├── merge-descriptors@1.0.1
142 silly currentTree ├── methods@1.1.2
142 silly currentTree ├── mime-db@1.26.0
142 silly currentTree ├── mime-types@2.1.14
142 silly currentTree ├── mime@1.3.4
142 silly currentTree ├── mongodb-core@2.1.8
142 silly currentTree ├─┬ mongodb@2.2.24
142 silly currentTree │ └── readable-stream@2.1.5
142 silly currentTree ├── mongoose@4.8.3
142 silly currentTree ├── mpath@0.2.1
142 silly currentTree ├── mpromise@0.5.5
142 silly currentTree ├─┬ mquery@2.2.3
142 silly currentTree │ ├── debug@2.2.0
142 silly currentTree │ ├── ms@0.7.1
142 silly currentTree │ └── sliced@0.0.5
142 silly currentTree ├── ms@0.7.2
142 silly currentTree ├── muri@1.2.1
142 silly currentTree ├── negotiator@0.6.1
142 silly currentTree ├── no-case@2.3.1
142 silly currentTree ├── nuance@1.1.1
142 silly currentTree ├── oauth-sign@0.8.2
142 silly currentTree ├── object-assign@2.0.0
142 silly currentTree ├── on-finished@2.3.0
142 silly currentTree ├── one-liner-joke@1.0.0
142 silly currentTree ├── param-case@2.1.0
142 silly currentTree ├── parseurl@1.3.1
142 silly currentTree ├── pascal-case@2.0.0
142 silly currentTree ├── path-case@2.1.0
142 silly currentTree ├── path-to-regexp@0.1.7
142 silly currentTree ├── pinkie-promise@2.0.1
142 silly currentTree ├── pinkie@2.0.4
142 silly currentTree ├── process-nextick-args@1.0.7
142 silly currentTree ├── proxy-addr@1.1.3
142 silly currentTree ├── punycode@1.4.1
142 silly currentTree ├── qs@6.2.1
142 silly currentTree ├── range-parser@1.2.0
142 silly currentTree ├── raw-body@2.2.0
142 silly currentTree ├── readable-stream@2.0.6
142 silly currentTree ├── regexp-clone@0.0.1
142 silly currentTree ├─┬ request@2.79.0
142 silly currentTree │ └── qs@6.3.1
142 silly currentTree ├── require_optional@1.0.0
142 silly currentTree ├── resolve-from@2.0.0
142 silly currentTree ├── sax@1.2.2
142 silly currentTree ├── semver@5.3.0
142 silly currentTree ├─┬ send@0.14.2
142 silly currentTree │ └─┬ debug@2.2.0
142 silly currentTree │   └── ms@0.7.1
142 silly currentTree ├── sentence-case@2.1.0
142 silly currentTree ├── serve-static@1.11.2
142 silly currentTree ├── setprototypeof@1.0.2
142 silly currentTree ├── sliced@1.0.1
142 silly currentTree ├── snake-case@2.1.0
142 silly currentTree ├── sntp@1.0.9
142 silly currentTree ├─┬ sshpk@1.10.2
142 silly currentTree │ └── assert-plus@1.0.0
142 silly currentTree ├── statuses@1.3.1
142 silly currentTree ├── string_decoder@0.10.31
142 silly currentTree ├── stringstream@0.0.5
142 silly currentTree ├── strip-ansi@3.0.1
142 silly currentTree ├── supports-color@2.0.0
142 silly currentTree ├── swap-case@1.1.2
142 silly currentTree ├── title-case@2.1.0
142 silly currentTree ├── tough-cookie@2.3.2
142 silly currentTree ├── tunnel-agent@0.4.3
142 silly currentTree ├── tweetnacl@0.14.5
142 silly currentTree ├── type-is@1.6.14
142 silly currentTree ├─┬ unirest@0.4.2
142 silly currentTree │ ├── asn1@0.1.11
142 silly currentTree │ ├── assert-plus@0.1.5
142 silly currentTree │ ├── async@0.9.2
142 silly currentTree │ ├── aws-sign2@0.5.0
142 silly currentTree │ ├── bl@0.9.5
142 silly currentTree │ ├── boom@0.4.2
142 silly currentTree │ ├── caseless@0.8.0
142 silly currentTree │ ├── combined-stream@0.0.7
142 silly currentTree │ ├── cryptiles@0.2.2
142 silly currentTree │ ├── delayed-stream@0.0.5
142 silly currentTree │ ├── forever-agent@0.5.2
142 silly currentTree │ ├── form-data@0.2.0
142 silly currentTree │ ├── hawk@1.1.1
142 silly currentTree │ ├── hoek@0.9.1
142 silly currentTree │ ├── http-signature@0.10.1
142 silly currentTree │ ├── isarray@0.0.1
142 silly currentTree │ ├── mime-db@1.12.0
142 silly currentTree │ ├── mime-types@2.0.14
142 silly currentTree │ ├── mime@1.2.11
142 silly currentTree │ ├── node-uuid@1.4.7
142 silly currentTree │ ├── oauth-sign@0.5.0
142 silly currentTree │ ├── qs@2.3.3
142 silly currentTree │ ├── readable-stream@1.0.34
142 silly currentTree │ ├─┬ request@2.51.0
142 silly currentTree │ │ └── mime-types@1.0.2
142 silly currentTree │ └── sntp@0.2.4
142 silly currentTree ├── unpipe@1.0.0
142 silly currentTree ├── upper-case-first@1.1.2
142 silly currentTree ├── upper-case@1.1.3
142 silly currentTree ├── util-deprecate@1.0.2
142 silly currentTree ├── utils-merge@1.0.0
142 silly currentTree ├── uuid@3.0.1
142 silly currentTree ├── vary@1.1.0
142 silly currentTree ├── verror@1.3.6
142 silly currentTree ├── weather-js@1.0.2
142 silly currentTree ├── word-list@1.0.1
142 silly currentTree ├── xml2js@0.4.17
142 silly currentTree ├─┬ xmlbuilder@4.2.1
142 silly currentTree │ └── lodash@4.17.4
142 silly currentTree └── xtend@4.0.1
143 silly idealTree messenger-get-started@1.0.0
143 silly idealTree ├── accepts@1.3.3
143 silly idealTree ├── ansi-regex@2.1.1
143 silly idealTree ├── ansi-styles@2.2.1
143 silly idealTree ├── array-flatten@1.1.1
143 silly idealTree ├── asn1@0.2.3
143 silly idealTree ├── assert-plus@0.2.0
143 silly idealTree ├─┬ async@2.1.4
143 silly idealTree │ └── lodash@4.17.4
143 silly idealTree ├── asynckit@0.4.0
143 silly idealTree ├── autocorrect@1.2.0
143 silly idealTree ├── aws-sign2@0.6.0
143 silly idealTree ├── aws4@1.6.0
143 silly idealTree ├── bcrypt-pbkdf@1.0.1
143 silly idealTree ├── bindings@1.2.1
143 silly idealTree ├── bl@1.1.2
143 silly idealTree ├── bluebird@2.10.2
143 silly idealTree ├── body-parser@1.16.1
143 silly idealTree ├── boom@2.10.1
143 silly idealTree ├── bson@1.0.4
143 silly idealTree ├── buffer-shims@1.0.0
143 silly idealTree ├── bytes@2.4.0
143 silly idealTree ├── camel-case@3.0.0
143 silly idealTree ├── capitalize@1.0.0
143 silly idealTree ├── caseless@0.11.0
143 silly idealTree ├── chalk@1.1.3
143 silly idealTree ├── change-case@3.0.1
143 silly idealTree ├─┬ coinbase@2.0.6
143 silly idealTree │ ├── form-data@1.0.1
143 silly idealTree │ ├── http-errors@1.3.1
143 silly idealTree │ ├── node-uuid@1.4.7
143 silly idealTree │ └── request@2.74.0
143 silly idealTree ├── combined-stream@1.0.5
143 silly idealTree ├── commander@2.9.0
143 silly idealTree ├── config@1.25.1
143 silly idealTree ├── constant-case@2.0.0
143 silly idealTree ├── content-disposition@0.5.2
143 silly idealTree ├── content-type@1.0.2
143 silly idealTree ├── cookie-signature@1.0.6
143 silly idealTree ├── cookie@0.3.1
143 silly idealTree ├── core-util-is@1.0.2
143 silly idealTree ├── cryptiles@2.0.5
143 silly idealTree ├── ctype@0.5.3
143 silly idealTree ├─┬ dashdash@1.14.1
143 silly idealTree │ └── assert-plus@1.0.0
143 silly idealTree ├── dateformat@2.0.0
143 silly idealTree ├── debug@2.6.1
143 silly idealTree ├── delayed-stream@1.0.0
143 silly idealTree ├── depd@1.1.0
143 silly idealTree ├── destroy@1.0.4
143 silly idealTree ├── dot-case@2.1.0
143 silly idealTree ├── ecc-jsbn@0.1.1
143 silly idealTree ├── ee-first@1.1.1
143 silly idealTree ├── ejs@2.5.5
143 silly idealTree ├── encodeurl@1.0.1
143 silly idealTree ├── es6-promise@3.2.1
143 silly idealTree ├── escape-html@1.0.3
143 silly idealTree ├── escape-string-regexp@1.0.5
143 silly idealTree ├── etag@1.7.0
143 silly idealTree ├─┬ express@4.14.1
143 silly idealTree │ ├── debug@2.2.0
143 silly idealTree │ ├── ms@0.7.1
143 silly idealTree │ └── qs@6.2.0
143 silly idealTree ├── extend@3.0.0
143 silly idealTree ├── extsprintf@1.0.2
143 silly idealTree ├─┬ finalhandler@0.5.1
143 silly idealTree │ ├── debug@2.2.0
143 silly idealTree │ └── ms@0.7.1
143 silly idealTree ├── forever-agent@0.6.1
143 silly idealTree ├── form-data@2.1.2
143 silly idealTree ├── forwarded@0.1.0
143 silly idealTree ├── fresh@0.3.0
143 silly idealTree ├── generate-function@2.0.0
143 silly idealTree ├── generate-object-property@1.2.0
143 silly idealTree ├─┬ getpass@0.1.6
143 silly idealTree │ └── assert-plus@1.0.0
143 silly idealTree ├── google-speech@0.0.5
143 silly idealTree ├── graceful-readlink@1.0.1
143 silly idealTree ├── har-validator@2.0.6
143 silly idealTree ├── has-ansi@2.0.0
143 silly idealTree ├── hawk@3.1.3
143 silly idealTree ├── header-case@1.0.0
143 silly idealTree ├── hoek@2.16.3
143 silly idealTree ├── hooks-fixed@1.2.0
143 silly idealTree ├── http-errors@1.5.1
143 silly idealTree ├── http-signature@1.1.1
143 silly idealTree ├── iconv-lite@0.4.15
143 silly idealTree ├── inherits@2.0.3
143 silly idealTree ├── ipaddr.js@1.2.0
143 silly idealTree ├── is-lower-case@1.1.3
143 silly idealTree ├── is-my-json-valid@2.15.0
143 silly idealTree ├── is-property@1.0.2
143 silly idealTree ├── is-typedarray@1.0.0
143 silly idealTree ├── is-upper-case@1.1.2
143 silly idealTree ├── isarray@1.0.0
143 silly idealTree ├── isstream@0.1.2
143 silly idealTree ├── jodid25519@1.0.2
143 silly idealTree ├── jsbn@0.1.1
143 silly idealTree ├── json-schema@0.2.3
143 silly idealTree ├── json-stringify-safe@5.0.1
143 silly idealTree ├── json5@0.4.0
143 silly idealTree ├── jsonpointer@4.0.1
143 silly idealTree ├── jsprim@1.3.1
143 silly idealTree ├── kareem@1.2.1
143 silly idealTree ├── leven@2.0.0
143 silly idealTree ├── lodash@3.1.0
143 silly idealTree ├── lower-case-first@1.0.2
143 silly idealTree ├── lower-case@1.1.3
143 silly idealTree ├── media-typer@0.3.0
143 silly idealTree ├── merge-descriptors@1.0.1
143 silly idealTree ├── methods@1.1.2
143 silly idealTree ├── mime-db@1.26.0
143 silly idealTree ├── mime-types@2.1.14
143 silly idealTree ├── mime@1.3.4
143 silly idealTree ├── mongodb-core@2.1.8
143 silly idealTree ├─┬ mongodb@2.2.24
143 silly idealTree │ └── readable-stream@2.1.5
143 silly idealTree ├── mongoose@4.8.3
143 silly idealTree ├── mpath@0.2.1
143 silly idealTree ├── mpromise@0.5.5
143 silly idealTree ├─┬ mquery@2.2.3
143 silly idealTree │ ├── debug@2.2.0
143 silly idealTree │ ├── ms@0.7.1
143 silly idealTree │ └── sliced@0.0.5
143 silly idealTree ├── ms@0.7.2
143 silly idealTree ├── muri@1.2.1
143 silly idealTree ├── nan@2.5.1
143 silly idealTree ├── negotiator@0.6.1
143 silly idealTree ├── no-case@2.3.1
143 silly idealTree ├── nuance@1.1.1
143 silly idealTree ├── oauth-sign@0.8.2
143 silly idealTree ├── object-assign@2.0.0
143 silly idealTree ├── on-finished@2.3.0
143 silly idealTree ├── one-liner-joke@1.0.0
143 silly idealTree ├── param-case@2.1.0
143 silly idealTree ├── parseurl@1.3.1
143 silly idealTree ├── pascal-case@2.0.0
143 silly idealTree ├── path-case@2.1.0
143 silly idealTree ├── path-to-regexp@0.1.7
143 silly idealTree ├── pinkie-promise@2.0.1
143 silly idealTree ├── pinkie@2.0.4
143 silly idealTree ├── process-nextick-args@1.0.7
143 silly idealTree ├── proxy-addr@1.1.3
143 silly idealTree ├── punycode@1.4.1
143 silly idealTree ├── qs@6.2.1
143 silly idealTree ├── range-parser@1.2.0
143 silly idealTree ├── raw-body@2.2.0
143 silly idealTree ├── readable-stream@2.0.6
143 silly idealTree ├── regexp-clone@0.0.1
143 silly idealTree ├─┬ request@2.79.0
143 silly idealTree │ └── qs@6.3.1
143 silly idealTree ├── require_optional@1.0.0
143 silly idealTree ├── resolve-from@2.0.0
143 silly idealTree ├── sax@1.2.2
143 silly idealTree ├── semver@5.3.0
143 silly idealTree ├─┬ send@0.14.2
143 silly idealTree │ └─┬ debug@2.2.0
143 silly idealTree │   └── ms@0.7.1
143 silly idealTree ├── sentence-case@2.1.0
143 silly idealTree ├── serve-static@1.11.2
143 silly idealTree ├── setprototypeof@1.0.2
143 silly idealTree ├── sliced@1.0.1
143 silly idealTree ├── snake-case@2.1.0
143 silly idealTree ├── sntp@1.0.9
143 silly idealTree ├─┬ sshpk@1.10.2
143 silly idealTree │ └── assert-plus@1.0.0
143 silly idealTree ├── statuses@1.3.1
143 silly idealTree ├── string_decoder@0.10.31
143 silly idealTree ├── stringstream@0.0.5
143 silly idealTree ├── strip-ansi@3.0.1
143 silly idealTree ├── supports-color@2.0.0
143 silly idealTree ├── swap-case@1.1.2
143 silly idealTree ├── time@0.11.4
143 silly idealTree ├── title-case@2.1.0
143 silly idealTree ├── tough-cookie@2.3.2
143 silly idealTree ├── tunnel-agent@0.4.3
143 silly idealTree ├── tweetnacl@0.14.5
143 silly idealTree ├── type-is@1.6.14
143 silly idealTree ├─┬ unirest@0.4.2
143 silly idealTree │ ├── asn1@0.1.11
143 silly idealTree │ ├── assert-plus@0.1.5
143 silly idealTree │ ├── async@0.9.2
143 silly idealTree │ ├── aws-sign2@0.5.0
143 silly idealTree │ ├── bl@0.9.5
143 silly idealTree │ ├── boom@0.4.2
143 silly idealTree │ ├── caseless@0.8.0
143 silly idealTree │ ├── combined-stream@0.0.7
143 silly idealTree │ ├── cryptiles@0.2.2
143 silly idealTree │ ├── delayed-stream@0.0.5
143 silly idealTree │ ├── forever-agent@0.5.2
143 silly idealTree │ ├── form-data@0.2.0
143 silly idealTree │ ├── hawk@1.1.1
143 silly idealTree │ ├── hoek@0.9.1
143 silly idealTree │ ├── http-signature@0.10.1
143 silly idealTree │ ├── isarray@0.0.1
143 silly idealTree │ ├── mime-db@1.12.0
143 silly idealTree │ ├── mime-types@2.0.14
143 silly idealTree │ ├── mime@1.2.11
143 silly idealTree │ ├── node-uuid@1.4.7
143 silly idealTree │ ├── oauth-sign@0.5.0
143 silly idealTree │ ├── qs@2.3.3
143 silly idealTree │ ├── readable-stream@1.0.34
143 silly idealTree │ ├─┬ request@2.51.0
143 silly idealTree │ │ └── mime-types@1.0.2
143 silly idealTree │ └── sntp@0.2.4
143 silly idealTree ├── unpipe@1.0.0
143 silly idealTree ├── upper-case-first@1.1.2
143 silly idealTree ├── upper-case@1.1.3
143 silly idealTree ├── util-deprecate@1.0.2
143 silly idealTree ├── utils-merge@1.0.0
143 silly idealTree ├── uuid@3.0.1
143 silly idealTree ├── vary@1.1.0
143 silly idealTree ├── verror@1.3.6
143 silly idealTree ├── weather-js@1.0.2
143 silly idealTree ├── word-list@1.0.1
143 silly idealTree ├── xml2js@0.4.17
143 silly idealTree ├─┬ xmlbuilder@4.2.1
143 silly idealTree │ └── lodash@4.17.4
143 silly idealTree └── xtend@4.0.1
144 silly generateActionsToTake Starting
145 silly install generateActionsToTake
146 silly generateActionsToTake Finishing
147 silly diffTrees action count 3
148 silly diffTrees add bindings@1.2.1
149 silly diffTrees add nan@2.5.1
150 silly diffTrees add time@0.11.4
151 silly decomposeActions action count 24
152 silly decomposeActions fetch bindings@1.2.1
153 silly decomposeActions extract bindings@1.2.1
154 silly decomposeActions test bindings@1.2.1
155 silly decomposeActions preinstall bindings@1.2.1
156 silly decomposeActions build bindings@1.2.1
157 silly decomposeActions install bindings@1.2.1
158 silly decomposeActions postinstall bindings@1.2.1
159 silly decomposeActions finalize bindings@1.2.1
160 silly decomposeActions fetch nan@2.5.1
161 silly decomposeActions extract nan@2.5.1
162 silly decomposeActions test nan@2.5.1
163 silly decomposeActions preinstall nan@2.5.1
164 silly decomposeActions build nan@2.5.1
165 silly decomposeActions install nan@2.5.1
166 silly decomposeActions postinstall nan@2.5.1
167 silly decomposeActions finalize nan@2.5.1
168 silly decomposeActions fetch time@0.11.4
169 silly decomposeActions extract time@0.11.4
170 silly decomposeActions test time@0.11.4
171 silly decomposeActions preinstall time@0.11.4
172 silly decomposeActions build time@0.11.4
173 silly decomposeActions install time@0.11.4
174 silly decomposeActions postinstall time@0.11.4
175 silly decomposeActions finalize time@0.11.4
176 silly runTopLevelLifecycles Starting
177 silly executeActions Starting
178 silly install executeActions
179 silly doSerial global-install 0
180 silly doParallel fetch 3
181 verbose correctMkdir /Users/andrewmin8/.npm/_locks correctMkdir not in flight; initializing
182 verbose lock using /Users/andrewmin8/.npm/_locks/staging-eb7d8c6d615daa09.lock for /Users/andrewmin8/Desktop/newfacebook/node_modules/.staging
183 silly doParallel extract 3
184 silly extract bindings@1.2.1
185 silly extract nan@2.5.1
186 silly extract time@0.11.4
187 verbose unbuild node_modules/.staging/nan-ce7da8eb
188 verbose unbuild node_modules/.staging/time-c825e35e
189 verbose unbuild node_modules/.staging/bindings-9da087c6
190 silly gentlyRm /Users/andrewmin8/Desktop/newfacebook/node_modules/.staging/nan-ce7da8eb is being purged from base /Users/andrewmin8/Desktop/newfacebook
191 verbose gentlyRm don't care about contents; nuking /Users/andrewmin8/Desktop/newfacebook/node_modules/.staging/nan-ce7da8eb
192 silly gentlyRm /Users/andrewmin8/Desktop/newfacebook/node_modules/.staging/time-c825e35e is being purged from base /Users/andrewmin8/Desktop/newfacebook
193 verbose gentlyRm don't care about contents; nuking /Users/andrewmin8/Desktop/newfacebook/node_modules/.staging/time-c825e35e
194 silly gentlyRm /Users/andrewmin8/Desktop/newfacebook/node_modules/.staging/bindings-9da087c6 is being purged from base /Users/andrewmin8/Desktop/newfacebook
195 verbose gentlyRm don't care about contents; nuking /Users/andrewmin8/Desktop/newfacebook/node_modules/.staging/bindings-9da087c6
196 verbose tar unpack /Users/andrewmin8/.npm/nan/2.5.1/package.tgz
197 verbose tar unpacking to /Users/andrewmin8/Desktop/newfacebook/node_modules/.staging/nan-ce7da8eb
198 silly gentlyRm /Users/andrewmin8/Desktop/newfacebook/node_modules/.staging/nan-ce7da8eb is being purged
199 verbose gentlyRm don't care about contents; nuking /Users/andrewmin8/Desktop/newfacebook/node_modules/.staging/nan-ce7da8eb
200 verbose tar unpack /Users/andrewmin8/.npm/time/0.11.4/package.tgz
201 verbose tar unpacking to /Users/andrewmin8/Desktop/newfacebook/node_modules/.staging/time-c825e35e
202 silly gentlyRm /Users/andrewmin8/Desktop/newfacebook/node_modules/.staging/time-c825e35e is being purged
203 verbose gentlyRm don't care about contents; nuking /Users/andrewmin8/Desktop/newfacebook/node_modules/.staging/time-c825e35e
204 verbose tar unpack /Users/andrewmin8/.npm/bindings/1.2.1/package.tgz
205 verbose tar unpacking to /Users/andrewmin8/Desktop/newfacebook/node_modules/.staging/bindings-9da087c6
206 silly gentlyRm /Users/andrewmin8/Desktop/newfacebook/node_modules/.staging/bindings-9da087c6 is being purged
207 verbose gentlyRm don't care about contents; nuking /Users/andrewmin8/Desktop/newfacebook/node_modules/.staging/bindings-9da087c6
208 silly gunzTarPerm modes [ '755', '644' ]
209 silly gunzTarPerm modes [ '755', '644' ]
210 silly gunzTarPerm modes [ '755', '644' ]
211 silly gunzTarPerm extractEntry package.json
212 silly gunzTarPerm modified mode [ 'package.json', 436, 420 ]
213 silly gunzTarPerm extractEntry package.json
214 silly gunzTarPerm extractEntry package.json
215 silly gunzTarPerm extractEntry README.md
216 silly gunzTarPerm modified mode [ 'README.md', 436, 420 ]
217 silly gunzTarPerm extractEntry .npmignore
218 silly gunzTarPerm extractEntry README.md
219 silly gunzTarPerm extractEntry include_dirs.js
220 silly gunzTarPerm modified mode [ 'include_dirs.js', 436, 420 ]
221 silly gunzTarPerm extractEntry README.md
222 silly gunzTarPerm extractEntry bindings.js
223 silly gunzTarPerm extractEntry LICENSE
224 silly gunzTarPerm extractEntry index.js
225 silly gunzTarPerm extractEntry nan_converters.h
226 silly gunzTarPerm modified mode [ 'nan_converters.h', 436, 420 ]
227 silly gunzTarPerm extractEntry CHANGELOG.md
228 silly gunzTarPerm modified mode [ 'CHANGELOG.md', 436, 420 ]
229 silly gunzTarPerm extractEntry LICENSE.md
230 silly gunzTarPerm modified mode [ 'LICENSE.md', 436, 420 ]
231 silly gunzTarPerm extractEntry doc/node_misc.md
232 silly gunzTarPerm modified mode [ 'doc/node_misc.md', 436, 420 ]
233 silly gunzTarPerm extractEntry binding.gyp
234 silly gunzTarPerm extractEntry doc/asyncworker.md
235 silly gunzTarPerm modified mode [ 'doc/asyncworker.md', 436, 420 ]
236 silly gunzTarPerm extractEntry doc/callback.md
237 silly gunzTarPerm modified mode [ 'doc/callback.md', 436, 420 ]
238 silly gunzTarPerm extractEntry .jshintrc
239 silly gunzTarPerm extractEntry .travis.yml
240 silly gunzTarPerm extractEntry doc/converters.md
241 silly gunzTarPerm modified mode [ 'doc/converters.md', 436, 420 ]
242 silly gunzTarPerm extractEntry doc/errors.md
243 silly gunzTarPerm modified mode [ 'doc/errors.md', 436, 420 ]
244 silly gunzTarPerm extractEntry History.md
245 silly gunzTarPerm extractEntry src/time.cc
246 silly gunzTarPerm extractEntry test/date.js
247 silly gunzTarPerm extractEntry doc/maybe_types.md
248 silly gunzTarPerm modified mode [ 'doc/maybe_types.md', 436, 420 ]
249 silly gunzTarPerm extractEntry doc/methods.md
250 silly gunzTarPerm modified mode [ 'doc/methods.md', 436, 420 ]
251 silly gunzTarPerm extractEntry doc/new.md
252 silly gunzTarPerm modified mode [ 'doc/new.md', 436, 420 ]
253 silly gunzTarPerm extractEntry test/exports.js
254 silly gentlyRm /Users/andrewmin8/Desktop/newfacebook/node_modules/.staging/bindings-9da087c6/node_modules is being purged
255 verbose gentlyRm don't care about contents; nuking /Users/andrewmin8/Desktop/newfacebook/node_modules/.staging/bindings-9da087c6/node_modules
256 silly gunzTarPerm extractEntry doc/buffers.md
257 silly gunzTarPerm modified mode [ 'doc/buffers.md', 436, 420 ]
258 silly gunzTarPerm extractEntry test/tzset.js
259 silly gunzTarPerm extractEntry doc/object_wrappers.md
260 silly gunzTarPerm modified mode [ 'doc/object_wrappers.md', 436, 420 ]
261 silly gunzTarPerm extractEntry doc/persistent.md
262 silly gunzTarPerm modified mode [ 'doc/persistent.md', 436, 420 ]
263 silly gunzTarPerm extractEntry doc/scopes.md
264 silly gunzTarPerm modified mode [ 'doc/scopes.md', 436, 420 ]
265 silly gunzTarPerm extractEntry doc/script.md
266 silly gunzTarPerm modified mode [ 'doc/script.md', 436, 420 ]
267 silly gunzTarPerm extractEntry doc/string_bytes.md
268 silly gunzTarPerm modified mode [ 'doc/string_bytes.md', 436, 420 ]
269 silly gunzTarPerm extractEntry doc/v8_internals.md
270 silly gunzTarPerm modified mode [ 'doc/v8_internals.md', 436, 420 ]
271 silly gunzTarPerm extractEntry doc/v8_misc.md
272 silly gunzTarPerm modified mode [ 'doc/v8_misc.md', 436, 420 ]
273 silly gunzTarPerm extractEntry nan.h
274 silly gunzTarPerm modified mode [ 'nan.h', 436, 420 ]
275 silly gunzTarPerm extractEntry nan_callbacks.h
276 silly gunzTarPerm modified mode [ 'nan_callbacks.h', 436, 420 ]
277 silly gunzTarPerm extractEntry nan_callbacks_12_inl.h
278 silly gunzTarPerm modified mode [ 'nan_callbacks_12_inl.h', 436, 420 ]
279 silly gunzTarPerm extractEntry nan_callbacks_pre_12_inl.h
280 silly gunzTarPerm modified mode [ 'nan_callbacks_pre_12_inl.h', 436, 420 ]
281 silly gunzTarPerm extractEntry nan_converters_43_inl.h
282 silly gunzTarPerm modified mode [ 'nan_converters_43_inl.h', 436, 420 ]
283 silly gunzTarPerm extractEntry nan_converters_pre_43_inl.h
284 silly gunzTarPerm modified mode [ 'nan_converters_pre_43_inl.h', 436, 420 ]
285 silly gunzTarPerm extractEntry nan_implementation_12_inl.h
286 silly gunzTarPerm modified mode [ 'nan_implementation_12_inl.h', 436, 420 ]
287 silly gunzTarPerm extractEntry nan_implementation_pre_12_inl.h
288 silly gunzTarPerm modified mode [ 'nan_implementation_pre_12_inl.h', 436, 420 ]
289 silly gunzTarPerm extractEntry nan_maybe_43_inl.h
290 silly gunzTarPerm modified mode [ 'nan_maybe_43_inl.h', 436, 420 ]
291 silly gunzTarPerm extractEntry nan_maybe_pre_43_inl.h
292 silly gunzTarPerm modified mode [ 'nan_maybe_pre_43_inl.h', 436, 420 ]
293 silly gunzTarPerm extractEntry nan_new.h
294 silly gunzTarPerm modified mode [ 'nan_new.h', 436, 420 ]
295 silly gunzTarPerm extractEntry nan_object_wrap.h
296 silly gunzTarPerm modified mode [ 'nan_object_wrap.h', 436, 420 ]
297 silly gunzTarPerm extractEntry nan_persistent_12_inl.h
298 silly gunzTarPerm modified mode [ 'nan_persistent_12_inl.h', 436, 420 ]
299 silly gunzTarPerm extractEntry nan_persistent_pre_12_inl.h
300 silly gunzTarPerm modified mode [ 'nan_persistent_pre_12_inl.h', 436, 420 ]
301 silly gentlyRm /Users/andrewmin8/Desktop/newfacebook/node_modules/.staging/time-c825e35e/node_modules is being purged
302 verbose gentlyRm don't care about contents; nuking /Users/andrewmin8/Desktop/newfacebook/node_modules/.staging/time-c825e35e/node_modules
303 silly gunzTarPerm extractEntry nan_private.h
304 silly gunzTarPerm modified mode [ 'nan_private.h', 436, 420 ]
305 silly gunzTarPerm extractEntry nan_string_bytes.h
306 silly gunzTarPerm modified mode [ 'nan_string_bytes.h', 436, 420 ]
307 silly gunzTarPerm extractEntry nan_typedarray_contents.h
308 silly gunzTarPerm modified mode [ 'nan_typedarray_contents.h', 436, 420 ]
309 silly gunzTarPerm extractEntry nan_weak.h
310 silly gunzTarPerm modified mode [ 'nan_weak.h', 436, 420 ]
311 silly gunzTarPerm extractEntry tools/package.json
312 silly gunzTarPerm modified mode [ 'tools/package.json', 436, 420 ]
313 silly gunzTarPerm extractEntry tools/README.md
314 silly gunzTarPerm modified mode [ 'tools/README.md', 436, 420 ]
315 silly gunzTarPerm extractEntry tools/1to2.js
316 silly gunzTarPerm modified mode [ 'tools/1to2.js', 509, 493 ]
317 silly gentlyRm /Users/andrewmin8/Desktop/newfacebook/node_modules/.staging/nan-ce7da8eb/node_modules is being purged
318 verbose gentlyRm don't care about contents; nuking /Users/andrewmin8/Desktop/newfacebook/node_modules/.staging/nan-ce7da8eb/node_modules
319 silly doParallel preinstall 3
320 silly preinstall bindings@1.2.1 /Users/andrewmin8/Desktop/newfacebook/node_modules/.staging/bindings-9da087c6
321 info lifecycle bindings@1.2.1~preinstall: bindings@1.2.1
322 silly preinstall nan@2.5.1 /Users/andrewmin8/Desktop/newfacebook/node_modules/.staging/nan-ce7da8eb
323 info lifecycle nan@2.5.1~preinstall: nan@2.5.1
324 silly preinstall time@0.11.4 /Users/andrewmin8/Desktop/newfacebook/node_modules/.staging/time-c825e35e
325 info lifecycle time@0.11.4~preinstall: time@0.11.4
326 silly lifecycle bindings@1.2.1~preinstall: no script for preinstall, continuing
327 silly lifecycle nan@2.5.1~preinstall: no script for preinstall, continuing
328 silly lifecycle time@0.11.4~preinstall: no script for preinstall, continuing
329 silly doReverseSerial remove 0
330 silly doSerial move 0
331 silly doSerial finalize 3
332 silly finalize /Users/andrewmin8/Desktop/newfacebook/node_modules/bindings
333 silly finalize /Users/andrewmin8/Desktop/newfacebook/node_modules/nan
334 silly finalize /Users/andrewmin8/Desktop/newfacebook/node_modules/time
335 silly doSerial build 3
336 silly build bindings@1.2.1
337 info linkStuff bindings@1.2.1
338 silly linkStuff bindings@1.2.1 has /Users/andrewmin8/Desktop/newfacebook/node_modules as its parent node_modules
339 verbose linkBins bindings@1.2.1
340 verbose linkMans bindings@1.2.1
341 silly build nan@2.5.1
342 info linkStuff nan@2.5.1
343 silly linkStuff nan@2.5.1 has /Users/andrewmin8/Desktop/newfacebook/node_modules as its parent node_modules
344 verbose linkBins nan@2.5.1
345 verbose linkMans nan@2.5.1
346 silly build time@0.11.4
347 info linkStuff time@0.11.4
348 silly linkStuff time@0.11.4 has /Users/andrewmin8/Desktop/newfacebook/node_modules as its parent node_modules
349 verbose linkBins time@0.11.4
350 verbose linkMans time@0.11.4
351 silly doSerial global-link 0
352 silly doParallel update-linked 0
353 silly doSerial install 3
354 silly install bindings@1.2.1 /Users/andrewmin8/Desktop/newfacebook/node_modules/.staging/bindings-9da087c6
355 info lifecycle bindings@1.2.1~install: bindings@1.2.1
356 silly lifecycle bindings@1.2.1~install: no script for install, continuing
357 silly install nan@2.5.1 /Users/andrewmin8/Desktop/newfacebook/node_modules/.staging/nan-ce7da8eb
358 info lifecycle nan@2.5.1~install: nan@2.5.1
359 silly lifecycle nan@2.5.1~install: no script for install, continuing
360 silly install time@0.11.4 /Users/andrewmin8/Desktop/newfacebook/node_modules/.staging/time-c825e35e
361 info lifecycle time@0.11.4~install: time@0.11.4
362 verbose lifecycle time@0.11.4~install: unsafe-perm in lifecycle true
363 verbose lifecycle time@0.11.4~install: PATH: /usr/local/lib/node_modules/npm/bin/node-gyp-bin:/Users/andrewmin8/Desktop/newfacebook/node_modules/time/node_modules/.bin:/Users/andrewmin8/Desktop/newfacebook/node_modules/.bin:/Library/Frameworks/Python.framework/Versions/2.7/bin:/Users/andrewmin8/Library/Enthought/Canopy_64bit/User/bin:/usr/local/bin:/usr/bin:/bin:/usr/sbin:/sbin
364 verbose lifecycle time@0.11.4~install: CWD: /Users/andrewmin8/Desktop/newfacebook/node_modules/time
365 silly lifecycle time@0.11.4~install: Args: [ '-c', 'node-gyp rebuild' ]
366 silly lifecycle time@0.11.4~install: Returned: code: 1  signal: null
367 info lifecycle time@0.11.4~install: Failed to exec install script
368 verbose unlock done using /Users/andrewmin8/.npm/_locks/staging-eb7d8c6d615daa09.lock for /Users/andrewmin8/Desktop/newfacebook/node_modules/.staging
369 silly rollbackFailedOptional Starting
370 silly rollbackFailedOptional Finishing
371 silly runTopLevelLifecycles Finishing
372 silly install printInstalled
373 verbose stack Error: time@0.11.4 install: `node-gyp rebuild`
373 verbose stack Exit status 1
373 verbose stack     at EventEmitter.<anonymous> (/usr/local/lib/node_modules/npm/lib/utils/lifecycle.js:255:16)
373 verbose stack     at emitTwo (events.js:106:13)
373 verbose stack     at EventEmitter.emit (events.js:191:7)
373 verbose stack     at ChildProcess.<anonymous> (/usr/local/lib/node_modules/npm/lib/utils/spawn.js:40:14)
373 verbose stack     at emitTwo (events.js:106:13)
373 verbose stack     at ChildProcess.emit (events.js:191:7)
373 verbose stack     at maybeClose (internal/child_process.js:877:16)
373 verbose stack     at Process.ChildProcess._handle.onexit (internal/child_process.js:226:5)
374 verbose pkgid time@0.11.4
375 verbose cwd /Users/andrewmin8/Desktop/newfacebook
376 error Darwin 16.4.0
377 error argv "/usr/local/bin/node" "/usr/local/bin/npm" "install" "--save" "time"
378 error node v6.9.4
379 error npm  v3.10.10
380 error code ELIFECYCLE
381 error time@0.11.4 install: `node-gyp rebuild`
381 error Exit status 1
382 error Failed at the time@0.11.4 install script 'node-gyp rebuild'.
382 error Make sure you have the latest version of node.js and npm installed.
382 error If you do, this is most likely a problem with the time package,
382 error not with npm itself.
382 error Tell the author that this fails on your system:
382 error     node-gyp rebuild
382 error You can get information on how to open an issue for this project with:
382 error     npm bugs time
382 error Or if that isn't available, you can get their info via:
382 error     npm owner ls time
382 error There is likely additional logging output above.
383 verbose exit [ 1, true ]
